info: Connected to MongoDB {"timestamp":"2024-04-10T07:06:17.143Z"}
info: Server running on port 3000 {"timestamp":"2024-04-10T07:06:17.170Z"}
info: Connected to MongoDB {"timestamp":"2024-04-10T07:06:20.677Z"}
info: Server running on port 3000 {"timestamp":"2024-04-10T07:06:20.703Z"}
info: Connected to MongoDB {"timestamp":"2024-04-10T07:07:47.477Z"}
info: Server running on port 3000 {"timestamp":"2024-04-10T07:07:47.502Z"}
info: Connected to MongoDB {"timestamp":"2024-04-10T07:07:53.236Z"}
info: Server running on port 3000 {"timestamp":"2024-04-10T07:07:53.259Z"}
info: Connected to MongoDB {"timestamp":"2024-04-10T07:07:59.347Z"}
info: Server running on port 3000 {"timestamp":"2024-04-10T07:07:59.372Z"}
info: Connected to MongoDB {"timestamp":"2024-04-10T07:08:05.580Z"}
info: Server running on port 3000 {"timestamp":"2024-04-10T07:08:05.612Z"}
info: Connected to MongoDB {"timestamp":"2024-04-10T07:09:47.216Z"}
info: Server running on port 3000 {"timestamp":"2024-04-10T07:09:47.251Z"}
info: Connected to MongoDB {"timestamp":"2024-04-10T07:11:02.506Z"}
info: Server running on port 3000 {"timestamp":"2024-04-10T07:11:02.530Z"}
info: Connected to MongoDB {"timestamp":"2024-04-10T07:11:06.768Z"}
info: Server running on port 3000 {"timestamp":"2024-04-10T07:11:06.791Z"}
info: Connected to MongoDB {"timestamp":"2024-04-10T07:11:19.083Z"}
info: Server running on port 3000 {"timestamp":"2024-04-10T07:11:19.108Z"}
info: Connected to MongoDB {"timestamp":"2024-04-10T07:11:22.808Z"}
info: Server running on port 3000 {"timestamp":"2024-04-10T07:11:22.833Z"}
info: Connected to MongoDB {"timestamp":"2024-04-10T07:11:43.911Z"}
info: Server running on port 3000 {"timestamp":"2024-04-10T07:11:43.942Z"}
info: Connected to MongoDB {"timestamp":"2024-04-10T07:11:56.478Z"}
info: Server running on port 3000 {"timestamp":"2024-04-10T07:11:56.502Z"}
info: Connected to MongoDB {"timestamp":"2024-04-10T07:13:02.942Z"}
info: Server running on port 3000 {"timestamp":"2024-04-10T07:13:02.971Z"}
info: Connected to MongoDB {"timestamp":"2024-04-10T07:13:08.799Z"}
info: Server running on port 3000 {"timestamp":"2024-04-10T07:13:08.828Z"}
info: Connected to MongoDB {"timestamp":"2024-04-10T07:13:17.404Z"}
info: Server running on port 3000 {"timestamp":"2024-04-10T07:13:17.433Z"}
info: Connected to MongoDB {"timestamp":"2024-04-10T07:13:24.514Z"}
info: Server running on port 3000 {"timestamp":"2024-04-10T07:13:24.538Z"}
info: Connected to MongoDB {"timestamp":"2024-04-10T07:13:31.857Z"}
info: Server running on port 3000 {"timestamp":"2024-04-10T07:13:31.880Z"}
info: Connected to MongoDB {"timestamp":"2024-04-10T07:14:51.816Z"}
info: Server running on port 3000 {"timestamp":"2024-04-10T07:14:51.847Z"}
info: Connected to MongoDB {"timestamp":"2024-04-10T07:14:53.747Z"}
info: Server running on port 3000 {"timestamp":"2024-04-10T07:14:53.771Z"}
info: Connected to MongoDB {"timestamp":"2024-04-10T07:15:02.023Z"}
info: Server running on port 3000 {"timestamp":"2024-04-10T07:15:02.048Z"}
info: Connected to MongoDB {"timestamp":"2024-04-10T07:15:06.465Z"}
info: Server running on port 3000 {"timestamp":"2024-04-10T07:15:06.501Z"}
info: Connected to MongoDB {"timestamp":"2024-04-10T07:16:40.479Z"}
info: Server running on port 3000 {"timestamp":"2024-04-10T07:16:40.505Z"}
info: Connected to MongoDB {"timestamp":"2024-04-10T07:16:42.371Z"}
info: Server running on port 3000 {"timestamp":"2024-04-10T07:16:42.398Z"}
info: Connected to MongoDB {"timestamp":"2024-04-10T07:16:54.169Z"}
info: Server running on port 3000 {"timestamp":"2024-04-10T07:16:54.197Z"}
info: Connected to MongoDB {"timestamp":"2024-04-10T07:16:57.968Z"}
info: Connected to MongoDB {"timestamp":"2024-04-10T07:16:59.699Z"}
info: Server running on port 3000 {"timestamp":"2024-04-10T07:16:59.729Z"}
info: Connected to MongoDB {"timestamp":"2024-04-10T07:17:03.374Z"}
info: Server running on port 3000 {"timestamp":"2024-04-10T07:17:03.420Z"}
info: Connected to MongoDB {"timestamp":"2024-04-10T07:17:27.491Z"}
info: Server running on port 3000 {"timestamp":"2024-04-10T07:17:27.515Z"}
info: Connected to MongoDB {"timestamp":"2024-04-10T07:17:30.400Z"}
info: Server running on port 3000 {"timestamp":"2024-04-10T07:17:30.424Z"}
info: Connected to MongoDB {"timestamp":"2024-04-10T07:17:36.407Z"}
info: Server running on port 3000 {"timestamp":"2024-04-10T07:17:36.430Z"}
info: Connected to MongoDB {"timestamp":"2024-04-10T07:17:48.410Z"}
info: Server running on port 3000 {"timestamp":"2024-04-10T07:17:48.437Z"}
info: Connected to MongoDB {"timestamp":"2024-04-10T07:17:52.618Z"}
info: Server running on port 3000 {"timestamp":"2024-04-10T07:17:52.645Z"}
info: Connected to MongoDB {"timestamp":"2024-04-10T07:17:56.877Z"}
info: Server running on port 3000 {"timestamp":"2024-04-10T07:17:56.900Z"}
info: Connected to MongoDB {"timestamp":"2024-04-10T07:18:00.896Z"}
info: Server running on port 3000 {"timestamp":"2024-04-10T07:18:00.924Z"}
info: Connected to MongoDB {"timestamp":"2024-04-10T07:18:03.124Z"}
info: Server running on port 3000 {"timestamp":"2024-04-10T07:18:03.147Z"}
info: Connected to MongoDB {"timestamp":"2024-04-10T07:18:20.848Z"}
info: Server running on port 3000 {"timestamp":"2024-04-10T07:18:20.882Z"}
info: Cryptocurrency data updated successfully. {"timestamp":"2024-04-10T07:18:32.649Z"}
info: Connected to MongoDB {"timestamp":"2024-04-10T07:19:14.825Z"}
info: Server running on port 3000 {"timestamp":"2024-04-10T07:19:14.865Z"}
info: Connected to MongoDB {"timestamp":"2024-04-10T07:19:22.963Z"}
info: Server running on port 3000 {"timestamp":"2024-04-10T07:19:22.998Z"}
error: Error updating cryptocurrency data: {"timestamp":"2024-04-10T07:19:30.355Z"}
info: Connected to MongoDB {"timestamp":"2024-04-10T07:19:37.179Z"}
info: Server running on port 3000 {"timestamp":"2024-04-10T07:19:37.229Z"}
info: Connected to MongoDB {"timestamp":"2024-04-10T07:19:40.291Z"}
info: Server running on port 3000 {"timestamp":"2024-04-10T07:19:40.333Z"}
error: Error updating cryptocurrency data: {"timestamp":"2024-04-10T07:19:49.936Z"}
info: Connected to MongoDB {"timestamp":"2024-04-10T07:20:07.697Z"}
info: Server running on port 3000 {"timestamp":"2024-04-10T07:20:07.730Z"}
error: Error updating cryptocurrency data: {"timestamp":"2024-04-10T07:20:15.850Z"}
info: Connected to MongoDB {"timestamp":"2024-04-10T07:22:44.864Z"}
info: Server running on port 3000 {"timestamp":"2024-04-10T07:22:44.902Z"}
info: Connected to MongoDB {"timestamp":"2024-04-10T07:22:46.849Z"}
info: Server running on port 3000 {"timestamp":"2024-04-10T07:22:46.887Z"}
info: Connected to MongoDB {"timestamp":"2024-04-10T07:22:55.096Z"}
info: Server running on port 3000 {"timestamp":"2024-04-10T07:22:55.136Z"}
info: Connected to MongoDB {"timestamp":"2024-04-10T07:23:00.114Z"}
info: Server running on port 3000 {"timestamp":"2024-04-10T07:23:00.146Z"}
error: Error updating cryptocurrency data: {"timestamp":"2024-04-10T07:23:05.959Z"}
info: Connected to MongoDB {"timestamp":"2024-04-10T07:23:45.755Z"}
info: Server running on port 3000 {"timestamp":"2024-04-10T07:23:45.794Z"}
error: Error updating cryptocurrency data: {"timestamp":"2024-04-10T07:23:55.876Z"}
info: Connected to MongoDB {"timestamp":"2024-04-10T07:24:24.793Z"}
info: Server running on port 3000 {"timestamp":"2024-04-10T07:24:24.845Z"}
error: Error updating cryptocurrency data: {"timestamp":"2024-04-10T07:24:35.297Z"}
info: Connected to MongoDB {"timestamp":"2024-04-10T07:24:40.772Z"}
info: Server running on port 3000 {"timestamp":"2024-04-10T07:24:40.804Z"}
error: Error updating cryptocurrency data: {"timestamp":"2024-04-10T07:24:51.789Z"}
info: Connected to MongoDB {"timestamp":"2024-04-10T07:25:01.778Z"}
info: Server running on port 3000 {"timestamp":"2024-04-10T07:25:23.233Z"}
info: Connected to MongoDB {"timestamp":"2024-04-10T07:26:13.695Z"}
info: Server running on port 3000 {"timestamp":"2024-04-10T07:26:18.728Z"}
info: Connected to MongoDB {"timestamp":"2024-04-10T07:26:48.138Z"}
info: Server running on port 3000 {"timestamp":"2024-04-10T07:26:51.899Z"}
info: Connected to MongoDB {"timestamp":"2024-04-10T07:27:22.709Z"}
info: Server running on port 3000 {"timestamp":"2024-04-10T07:27:28.695Z"}
info: Cryptocurrency data updated successfully, total records:  {"timestamp":"2024-04-10T07:27:40.976Z"}
info: Connected to MongoDB {"timestamp":"2024-04-10T07:28:37.531Z"}
info: Server running on port 3000 {"timestamp":"2024-04-10T07:28:40.426Z"}
info: Cryptocurrency data updated successfully, total records:  {"timestamp":"2024-04-10T07:30:14.262Z"}
info: Connected to MongoDB {"timestamp":"2024-04-10T07:30:40.367Z"}
info: Connected to MongoDB {"timestamp":"2024-04-10T07:30:44.236Z"}
info: Server running on port 3000 {"timestamp":"2024-04-10T07:30:55.264Z"}
info: Cryptocurrency data updated successfully {"timestamp":"2024-04-10T07:31:05.930Z"}
error: Error occurred: cryptos.size is not a function {"stack":"TypeError: cryptos.size is not a function\n    at exports.getAllCryptos (C:\\Users\\ASUS\\Documents\\mansi\\KoinX\\controllers\\cryptoController.js:10:15)\n    at process.processTicksAndRejections (node:internal/process/task_queues:95:5)","timestamp":"2024-04-10T07:31:14.502Z"}
error: TypeError: cryptos.size is not a function
    at exports.getAllCryptos (C:\Users\ASUS\Documents\mansi\KoinX\controllers\cryptoController.js:10:15)
    at process.processTicksAndRejections (node:internal/process/task_queues:95:5) {"timestamp":"2024-04-10T07:31:14.508Z"}
info: Connected to MongoDB {"timestamp":"2024-04-10T07:31:40.294Z"}
info: Server running on port 3000 {"timestamp":"2024-04-10T07:31:40.339Z"}
info: Connected to MongoDB {"timestamp":"2024-04-10T07:31:49.162Z"}
info: Server running on port 3000 {"timestamp":"2024-04-10T07:31:49.192Z"}
info: Connected to MongoDB {"timestamp":"2024-04-10T07:31:56.194Z"}
info: Server running on port 3000 {"timestamp":"2024-04-10T07:31:56.221Z"}
info: Connected to MongoDB {"timestamp":"2024-04-10T07:32:10.447Z"}
info: Server running on port 3000 {"timestamp":"2024-04-10T07:32:10.480Z"}
info: Connected to MongoDB {"timestamp":"2024-04-10T07:32:23.864Z"}
info: Server running on port 3000 {"timestamp":"2024-04-10T07:32:23.893Z"}
info: Connected to MongoDB {"timestamp":"2024-04-10T07:32:30.003Z"}
info: Server running on port 3000 {"timestamp":"2024-04-10T07:32:30.035Z"}
info: Connected to MongoDB {"timestamp":"2024-04-10T07:32:35.106Z"}
info: Server running on port 3000 {"timestamp":"2024-04-10T07:32:35.137Z"}
info: Connected to MongoDB {"timestamp":"2024-04-10T07:32:45.553Z"}
info: Server running on port 3000 {"timestamp":"2024-04-10T07:32:45.584Z"}
info: Connected to MongoDB {"timestamp":"2024-04-10T07:33:00.266Z"}
info: Server running on port 3000 {"timestamp":"2024-04-10T07:33:00.293Z"}
info: Connected to MongoDB {"timestamp":"2024-04-10T07:33:04.038Z"}
info: Server running on port 3000 {"timestamp":"2024-04-10T07:33:04.065Z"}
info: Connected to MongoDB {"timestamp":"2024-04-10T07:33:09.775Z"}
info: Server running on port 3000 {"timestamp":"2024-04-10T07:33:09.803Z"}
info: Connected to MongoDB {"timestamp":"2024-04-10T07:33:13.398Z"}
info: Server running on port 3000 {"timestamp":"2024-04-10T07:33:13.424Z"}
info: Connected to MongoDB {"timestamp":"2024-04-10T07:33:20.385Z"}
info: Server running on port 3000 {"timestamp":"2024-04-10T07:33:20.414Z"}
info: Connected to MongoDB {"timestamp":"2024-04-10T07:33:57.090Z"}
info: Server running on port 3000 {"timestamp":"2024-04-10T07:33:57.124Z"}
info: Extracted companies data for crytocurrency  {"timestamp":"2024-04-10T07:35:59.183Z"}
info: Connected to MongoDB {"timestamp":"2024-04-10T07:36:16.169Z"}
info: Server running on port 3000 {"timestamp":"2024-04-10T07:36:16.208Z"}
info: Connected to MongoDB {"timestamp":"2024-04-10T07:37:12.626Z"}
info: Server running on port 3000 {"timestamp":"2024-04-10T07:37:12.655Z"}
info: Extracted companies data for crytocurrency {} {"timestamp":"2024-04-10T07:37:29.300Z"}
info: Connected to MongoDB {"timestamp":"2024-04-10T07:38:23.510Z"}
info: Server running on port 3000 {"timestamp":"2024-04-10T07:38:23.541Z"}
info: Extracted companies data for crytocurrency %s {"timestamp":"2024-04-10T07:38:33.586Z"}
info: Connected to MongoDB {"timestamp":"2024-04-10T07:38:51.276Z"}
info: Server running on port 3000 {"timestamp":"2024-04-10T07:38:51.308Z"}
info: Connected to MongoDB {"timestamp":"2024-04-10T07:39:00.532Z"}
info: Server running on port 3000 {"timestamp":"2024-04-10T07:39:00.561Z"}
info: Extracted companies data for crytocurrency {} {"timestamp":"2024-04-10T07:39:06.066Z"}
info: Connected to MongoDB {"timestamp":"2024-04-10T07:39:21.431Z"}
info: Server running on port 3000 {"timestamp":"2024-04-10T07:39:21.456Z"}
info: Connected to MongoDB {"timestamp":"2024-04-10T07:39:30.543Z"}
info: Server running on port 3000 {"timestamp":"2024-04-10T07:39:30.585Z"}
info: Connected to MongoDB {"timestamp":"2024-04-10T07:39:36.550Z"}
info: Server running on port 3000 {"timestamp":"2024-04-10T07:39:36.581Z"}
info: Extracted companies data for crytocurrency bitcoin {"timestamp":"2024-04-10T07:39:40.797Z"}
info: Connected to MongoDB {"timestamp":"2024-04-10T07:39:50.613Z"}
info: Server running on port 3000 {"timestamp":"2024-04-10T07:39:50.653Z"}
info: Connected to MongoDB {"timestamp":"2024-04-10T07:40:10.732Z"}
info: Server running on port 3000 {"timestamp":"2024-04-10T07:40:10.761Z"}
info: Connected to MongoDB {"timestamp":"2024-04-10T07:40:13.404Z"}
info: Server running on port 3000 {"timestamp":"2024-04-10T07:40:13.447Z"}
info: Connected to MongoDB {"timestamp":"2024-04-10T07:40:28.096Z"}
info: Server running on port 3000 {"timestamp":"2024-04-10T07:40:28.123Z"}
info: Connected to MongoDB {"timestamp":"2024-04-10T07:40:34.881Z"}
info: Server running on port 3000 {"timestamp":"2024-04-10T07:40:34.914Z"}
info: Connected to MongoDB {"timestamp":"2024-04-10T07:40:41.512Z"}
info: Server running on port 3000 {"timestamp":"2024-04-10T07:40:41.540Z"}
info: Connected to MongoDB {"timestamp":"2024-04-10T07:40:49.065Z"}
info: Server running on port 3000 {"timestamp":"2024-04-10T07:40:49.091Z"}
info: Connected to MongoDB {"timestamp":"2024-04-10T07:40:55.029Z"}
info: Server running on port 3000 {"timestamp":"2024-04-10T07:40:55.061Z"}
info: Connected to MongoDB {"timestamp":"2024-04-10T07:40:58.113Z"}
info: Server running on port 3000 {"timestamp":"2024-04-10T07:40:58.147Z"}
info: Connected to MongoDB {"timestamp":"2024-04-10T07:41:17.025Z"}
info: Server running on port 3000 {"timestamp":"2024-04-10T07:41:17.064Z"}
info: Connected to MongoDB {"timestamp":"2024-04-10T07:41:25.408Z"}
info: Server running on port 3000 {"timestamp":"2024-04-10T07:41:25.444Z"}
info: Connected to MongoDB {"timestamp":"2024-04-10T07:41:31.646Z"}
info: Server running on port 3000 {"timestamp":"2024-04-10T07:41:31.673Z"}
info: Connected to MongoDB {"timestamp":"2024-04-10T07:41:37.715Z"}
info: Server running on port 3000 {"timestamp":"2024-04-10T07:41:37.753Z"}
info: Connected to MongoDB {"timestamp":"2024-04-10T07:41:42.525Z"}
info: Server running on port 3000 {"timestamp":"2024-04-10T07:41:42.557Z"}
info: Connected to MongoDB {"timestamp":"2024-04-10T07:41:44.795Z"}
info: Server running on port 3000 {"timestamp":"2024-04-10T07:41:44.828Z"}
info: Connected to MongoDB {"timestamp":"2024-04-10T07:41:51.826Z"}
info: Server running on port 3000 {"timestamp":"2024-04-10T07:41:51.855Z"}
info: Connected to MongoDB {"timestamp":"2024-04-10T07:41:56.620Z"}
info: Server running on port 3000 {"timestamp":"2024-04-10T07:41:56.653Z"}
info: Connected to MongoDB {"timestamp":"2024-04-10T07:42:02.696Z"}
info: Server running on port 3000 {"timestamp":"2024-04-10T07:42:02.726Z"}
info: Connected to MongoDB {"timestamp":"2024-04-10T07:42:07.009Z"}
info: Server running on port 3000 {"timestamp":"2024-04-10T07:42:07.035Z"}
info: Connected to MongoDB {"timestamp":"2024-04-10T07:42:16.048Z"}
info: Server running on port 3000 {"timestamp":"2024-04-10T07:42:16.077Z"}
info: Extracted price of bitcoin on 10-04-2024= 5755677.092180942 inr {"timestamp":"2024-04-10T07:42:28.363Z"}
info: Connected to MongoDB {"timestamp":"2024-04-10T07:42:51.179Z"}
info: Server running on port 3000 {"timestamp":"2024-04-10T07:42:51.206Z"}
info: Extracted price of bitcoin on 10-04-2024= 5755677.092180942 INR {"timestamp":"2024-04-10T07:42:59.386Z"}
info: Connected to MongoDB {"timestamp":"2024-04-10T07:43:45.903Z"}
info: Server running on port 3000 {"timestamp":"2024-04-10T07:43:45.943Z"}
info: Connected to MongoDB {"timestamp":"2024-04-10T07:43:55.048Z"}
info: Server running on port 3000 {"timestamp":"2024-04-10T07:43:55.078Z"}
info: Connected to MongoDB {"timestamp":"2024-04-10T07:44:39.108Z"}
info: Server running on port 3000 {"timestamp":"2024-04-10T07:44:39.133Z"}
info: Connected to MongoDB {"timestamp":"2024-04-10T07:45:04.466Z"}
info: Server running on port 3000 {"timestamp":"2024-04-10T07:45:04.501Z"}
info: Connected to MongoDB {"timestamp":"2024-04-10T07:45:19.156Z"}
info: Server running on port 3000 {"timestamp":"2024-04-10T07:45:19.202Z"}
info: Cryptocurrency data updated successfully {"timestamp":"2024-04-10T07:45:38.893Z"}
